Copyright 1986-2017 Xilinx, Inc. All Rights Reserved.
---------------------------------------------------------------------------------------------------------------------------------------------------------------------
| Tool Version : Vivado v.2017.2 (lin64) Build 1909853 Thu Jun 15 18:39:10 MDT 2017
| Date         : Sun Sep  3 16:51:42 2017
| Host         : machado running 64-bit Linux Mint 17.3 Rosa
| Command      : report_timing_summary -warn_on_violation -max_paths 10 -file shift_reg_PIPO_timing_summary_routed.rpt -rpx shift_reg_PIPO_timing_summary_routed.rpx
| Design       : shift_reg_PIPO
| Device       : 7a35t-cpg236
| Speed File   : -1  PRODUCTION 1.17 2017-05-11
---------------------------------------------------------------------------------------------------------------------------------------------------------------------

Timing Summary Report

------------------------------------------------------------------------------------------------
| Timer Settings
| --------------
------------------------------------------------------------------------------------------------

  Enable Multi Corner Analysis               :  Yes
  Enable Pessimism Removal                   :  Yes
  Pessimism Removal Resolution               :  Nearest Common Node
  Enable Input Delay Default Clock           :  No
  Enable Preset / Clear Arcs                 :  No
  Disable Flight Delays                      :  No
  Ignore I/O Paths                           :  No
  Timing Early Launch at Borrowing Latches   :  false

  Corner  Analyze    Analyze    
  Name    Max Paths  Min Paths  
  ------  ---------  ---------  
  Slow    Yes        Yes        
  Fast    Yes        Yes        



check_timing report

Table of Contents
-----------------
1. checking no_clock
2. checking constant_clock
3. checking pulse_width_clock
4. checking unconstrained_internal_endpoints
5. checking no_input_delay
6. checking no_output_delay
7. checking multiple_clock
8. checking generated_clocks
9. checking loops
10. checking partial_input_delay
11. checking partial_output_delay
12. checking latch_loops

1. checking no_clock
--------------------
 There are 15 register/latch pins with no clock driven by root clock pin: clk_1Hz/clk_aux_reg/Q (HIGH)


2. checking constant_clock
--------------------------
 There are 0 register/latch pins with constant_clock.


3. checking pulse_width_clock
-----------------------------
 There are 0 register/latch pins which need pulse_width check


4. checking unconstrained_internal_endpoints
--------------------------------------------
 There are 15 pins that are not constrained for maximum delay. (HIGH)

 There are 0 pins that are not constrained for maximum delay due to constant clock.


5. checking no_input_delay
--------------------------
 There are 10 input ports with no input delay specified. (HIGH)

 There are 0 input ports with no input delay but user has a false path constraint.


6. checking no_output_delay
---------------------------
 There are 8 ports with no output delay specified. (HIGH)

 There are 0 ports with no output delay but user has a false path constraint

 There are 0 ports with no output delay but with a timing clock defined on it or propagating through it


7. checking multiple_clock
--------------------------
 There are 0 register/latch pins with multiple clocks.


8. checking generated_clocks
----------------------------
 There are 0 generated clocks that are not connected to a clock source.


9. checking loops
-----------------
 There are 0 combinational loops in the design.


10. checking partial_input_delay
--------------------------------
 There are 0 input ports with partial input delay specified.


11. checking partial_output_delay
---------------------------------
 There are 0 ports with partial output delay specified.


12. checking latch_loops
------------------------
 There are 0 combinational latch loops in the design through latch input



------------------------------------------------------------------------------------------------
| Design Timing Summary
| ---------------------
------------------------------------------------------------------------------------------------

    WNS(ns)      TNS(ns)  TNS Failing Endpoints  TNS Total Endpoints      WHS(ns)      THS(ns)  THS Failing Endpoints  THS Total Endpoints     WPWS(ns)     TPWS(ns)  TPWS Failing Endpoints  TPWS Total Endpoints  
    -------      -------  ---------------------  -------------------      -------      -------  ---------------------  -------------------     --------     --------  ----------------------  --------------------  
      5.920        0.000                      0                   55        0.280        0.000                      0                   55        4.500        0.000                       0                    29  


All user specified timing constraints are met.


------------------------------------------------------------------------------------------------
| Clock Summary
| -------------
------------------------------------------------------------------------------------------------

Clock        Waveform(ns)       Period(ns)      Frequency(MHz)
-----        ------------       ----------      --------------
sys_clk_pin  {0.000 5.000}      10.000          100.000         


------------------------------------------------------------------------------------------------
| Intra Clock Table
| -----------------
------------------------------------------------------------------------------------------------

Clock             WNS(ns)      TNS(ns)  TNS Failing Endpoints  TNS Total Endpoints      WHS(ns)      THS(ns)  THS Failing Endpoints  THS Total Endpoints     WPWS(ns)     TPWS(ns)  TPWS Failing Endpoints  TPWS Total Endpoints  
-----             -------      -------  ---------------------  -------------------      -------      -------  ---------------------  -------------------     --------     --------  ----------------------  --------------------  
sys_clk_pin         5.920        0.000                      0                   55        0.280        0.000                      0                   55        4.500        0.000                       0                    29  


------------------------------------------------------------------------------------------------
| Inter Clock Table
| -----------------
------------------------------------------------------------------------------------------------

From Clock    To Clock          WNS(ns)      TNS(ns)  TNS Failing Endpoints  TNS Total Endpoints      WHS(ns)      THS(ns)  THS Failing Endpoints  THS Total Endpoints  
----------    --------          -------      -------  ---------------------  -------------------      -------      -------  ---------------------  -------------------  


------------------------------------------------------------------------------------------------
| Other Path Groups Table
| -----------------------
------------------------------------------------------------------------------------------------

Path Group    From Clock    To Clock          WNS(ns)      TNS(ns)  TNS Failing Endpoints  TNS Total Endpoints      WHS(ns)      THS(ns)  THS Failing Endpoints  THS Total Endpoints  
----------    ----------    --------          -------      -------  ---------------------  -------------------      -------      -------  ---------------------  -------------------  


------------------------------------------------------------------------------------------------
| Timing Details
| --------------
------------------------------------------------------------------------------------------------


---------------------------------------------------------------------------------------------------
From Clock:  sys_clk_pin
  To Clock:  sys_clk_pin

Setup :            0  Failing Endpoints,  Worst Slack        5.920ns,  Total Violation        0.000ns
Hold  :            0  Failing Endpoints,  Worst Slack        0.280ns,  Total Violation        0.000ns
PW    :            0  Failing Endpoints,  Worst Slack        4.500ns,  Total Violation        0.000ns
---------------------------------------------------------------------------------------------------


Max Delay Paths
--------------------------------------------------------------------------------------
Slack (MET) :             5.920ns  (required time - arrival time)
  Source:                 clk_1Hz/count_reg[22]/C
                            (rising edge-triggered cell FDRE clocked by sys_clk_pin  {rise@0.000ns fall@5.000ns period=10.000ns})
  Destination:            clk_1Hz/count_reg[24]/R
                            (rising edge-triggered cell FDRE clocked by sys_clk_pin  {rise@0.000ns fall@5.000ns period=10.000ns})
  Path Group:             sys_clk_pin
  Path Type:              Setup (Max at Slow Process Corner)
  Requirement:            10.000ns  (sys_clk_pin rise@10.000ns - sys_clk_pin rise@0.000ns)
  Data Path Delay:        3.590ns  (logic 0.828ns (23.062%)  route 2.762ns (76.938%))
  Logic Levels:           3  (LUT2=1 LUT5=1 LUT6=1)
  Clock Path Skew:        -0.025ns (DCD - SCD + CPR)
    Destination Clock Delay (DCD):    4.853ns = ( 14.853 - 10.000 ) 
    Source Clock Delay      (SCD):    5.151ns
    Clock Pessimism Removal (CPR):    0.273ns
  Clock Uncertainty:      0.035ns  ((TSJ^2 + TIJ^2)^1/2 + DJ) / 2 + PE
    Total System Jitter     (TSJ):    0.071ns
    Total Input Jitter      (TIJ):    0.000ns
    Discrete Jitter          (DJ):    0.000ns
    Phase Error              (PE):    0.000ns

    Location             Delay type                Incr(ns)  Path(ns)    Netlist Resource(s)
  -------------------------------------------------------------------    -------------------
                         (clock sys_clk_pin rise edge)
                                                      0.000     0.000 r  
    W5                                                0.000     0.000 r  clk (IN)
                         net (fo=0)                   0.000     0.000    clk
    W5                   IBUF (Prop_ibuf_I_O)         1.458     1.458 r  clk_IBUF_inst/O
                         net (fo=1, routed)           1.967     3.425    clk_IBUF
    BUFGCTRL_X0Y0        BUFG (Prop_bufg_I_O)         0.096     3.521 r  clk_IBUF_BUFG_inst/O
                         net (fo=28, routed)          1.630     5.151    clk_1Hz/clk_IBUF_BUFG
    SLICE_X4Y13          FDRE                                         r  clk_1Hz/count_reg[22]/C
  -------------------------------------------------------------------    -------------------
    SLICE_X4Y13          FDRE (Prop_fdre_C_Q)         0.456     5.607 f  clk_1Hz/count_reg[22]/Q
                         net (fo=2, routed)           0.860     6.467    clk_1Hz/count_reg[22]
    SLICE_X5Y13          LUT6 (Prop_lut6_I3_O)        0.124     6.591 r  clk_1Hz/count[0]_i_12/O
                         net (fo=1, routed)           0.940     7.531    clk_1Hz/count[0]_i_12_n_0
    SLICE_X5Y10          LUT5 (Prop_lut5_I4_O)        0.124     7.655 r  clk_1Hz/count[0]_i_3/O
                         net (fo=2, routed)           0.161     7.816    clk_1Hz/eqOp
    SLICE_X5Y10          LUT2 (Prop_lut2_I0_O)        0.124     7.940 r  clk_1Hz/count[0]_i_1/O
                         net (fo=27, routed)          0.801     8.742    clk_1Hz/count[0]_i_1_n_0
    SLICE_X4Y14          FDRE                                         r  clk_1Hz/count_reg[24]/R
  -------------------------------------------------------------------    -------------------

                         (clock sys_clk_pin rise edge)
                                                     10.000    10.000 r  
    W5                                                0.000    10.000 r  clk (IN)
                         net (fo=0)                   0.000    10.000    clk
    W5                   IBUF (Prop_ibuf_I_O)         1.388    11.388 r  clk_IBUF_inst/O
                         net (fo=1, routed)           1.862    13.250    clk_IBUF
    BUFGCTRL_X0Y0        BUFG (Prop_bufg_I_O)         0.091    13.341 r  clk_IBUF_BUFG_inst/O
                         net (fo=28, routed)          1.512    14.853    clk_1Hz/clk_IBUF_BUFG
    SLICE_X4Y14          FDRE                                         r  clk_1Hz/count_reg[24]/C
                         clock pessimism              0.273    15.126    
                         clock uncertainty           -0.035    15.091    
    SLICE_X4Y14          FDRE (Setup_fdre_C_R)       -0.429    14.662    clk_1Hz/count_reg[24]
  -------------------------------------------------------------------
                         required time                         14.662    
                         arrival time                          -8.742    
  -------------------------------------------------------------------
                         slack                                  5.920    

Slack (MET) :             5.920ns  (required time - arrival time)
  Source:                 clk_1Hz/count_reg[22]/C
                            (rising edge-triggered cell FDRE clocked by sys_clk_pin  {rise@0.000ns fall@5.000ns period=10.000ns})
  Destination:            clk_1Hz/count_reg[25]/R
                            (rising edge-triggered cell FDRE clocked by sys_clk_pin  {rise@0.000ns fall@5.000ns period=10.000ns})
  Path Group:             sys_clk_pin
  Path Type:              Setup (Max at Slow Process Corner)
  Requirement:            10.000ns  (sys_clk_pin rise@10.000ns - sys_clk_pin rise@0.000ns)
  Data Path Delay:        3.590ns  (logic 0.828ns (23.062%)  route 2.762ns (76.938%))
  Logic Levels:           3  (LUT2=1 LUT5=1 LUT6=1)
  Clock Path Skew:        -0.025ns (DCD - SCD + CPR)
    Destination Clock Delay (DCD):    4.853ns = ( 14.853 - 10.000 ) 
    Source Clock Delay      (SCD):    5.151ns
    Clock Pessimism Removal (CPR):    0.273ns
  Clock Uncertainty:      0.035ns  ((TSJ^2 + TIJ^2)^1/2 + DJ) / 2 + PE
    Total System Jitter     (TSJ):    0.071ns
    Total Input Jitter      (TIJ):    0.000ns
    Discrete Jitter          (DJ):    0.000ns
    Phase Error              (PE):    0.000ns

    Location             Delay type                Incr(ns)  Path(ns)    Netlist Resource(s)
  -------------------------------------------------------------------    -------------------
                         (clock sys_clk_pin rise edge)
                                                      0.000     0.000 r  
    W5                                                0.000     0.000 r  clk (IN)
                         net (fo=0)                   0.000     0.000    clk
    W5                   IBUF (Prop_ibuf_I_O)         1.458     1.458 r  clk_IBUF_inst/O
                         net (fo=1, routed)           1.967     3.425    clk_IBUF
    BUFGCTRL_X0Y0        BUFG (Prop_bufg_I_O)         0.096     3.521 r  clk_IBUF_BUFG_inst/O
                         net (fo=28, routed)          1.630     5.151    clk_1Hz/clk_IBUF_BUFG
    SLICE_X4Y13          FDRE                                         r  clk_1Hz/count_reg[22]/C
  -------------------------------------------------------------------    -------------------
    SLICE_X4Y13          FDRE (Prop_fdre_C_Q)         0.456     5.607 f  clk_1Hz/count_reg[22]/Q
                         net (fo=2, routed)           0.860     6.467    clk_1Hz/count_reg[22]
    SLICE_X5Y13          LUT6 (Prop_lut6_I3_O)        0.124     6.591 r  clk_1Hz/count[0]_i_12/O
                         net (fo=1, routed)           0.940     7.531    clk_1Hz/count[0]_i_12_n_0
    SLICE_X5Y10          LUT5 (Prop_lut5_I4_O)        0.124     7.655 r  clk_1Hz/count[0]_i_3/O
                         net (fo=2, routed)           0.161     7.816    clk_1Hz/eqOp
    SLICE_X5Y10          LUT2 (Prop_lut2_I0_O)        0.124     7.940 r  clk_1Hz/count[0]_i_1/O
                         net (fo=27, routed)          0.801     8.742    clk_1Hz/count[0]_i_1_n_0
    SLICE_X4Y14          FDRE                                         r  clk_1Hz/count_reg[25]/R
  -------------------------------------------------------------------    -------------------

                         (clock sys_clk_pin rise edge)
                                                     10.000    10.000 r  
    W5                                                0.000    10.000 r  clk (IN)
                         net (fo=0)                   0.000    10.000    clk
    W5                   IBUF (Prop_ibuf_I_O)         1.388    11.388 r  clk_IBUF_inst/O
                         net (fo=1, routed)           1.862    13.250    clk_IBUF
    BUFGCTRL_X0Y0        BUFG (Prop_bufg_I_O)         0.091    13.341 r  clk_IBUF_BUFG_inst/O
                         net (fo=28, routed)          1.512    14.853    clk_1Hz/clk_IBUF_BUFG
    SLICE_X4Y14          FDRE                                         r  clk_1Hz/count_reg[25]/C
                         clock pessimism              0.273    15.126    
                         clock uncertainty           -0.035    15.091    
    SLICE_X4Y14          FDRE (Setup_fdre_C_R)       -0.429    14.662    clk_1Hz/count_reg[25]
  -------------------------------------------------------------------
                         required time                         14.662    
                         arrival time                          -8.742    
  -------------------------------------------------------------------
                         slack                                  5.920    

Slack (MET) :             5.920ns  (required time - arrival time)
  Source:                 clk_1Hz/count_reg[22]/C
                            (rising edge-triggered cell FDRE clocked by sys_clk_pin  {rise@0.000ns fall@5.000ns period=10.000ns})
  Destination:            clk_1Hz/count_reg[26]/R
                            (rising edge-triggered cell FDRE clocked by sys_clk_pin  {rise@0.000ns fall@5.000ns period=10.000ns})
  Path Group:             sys_clk_pin
  Path Type:              Setup (Max at Slow Process Corner)
  Requirement:            10.000ns  (sys_clk_pin rise@10.000ns - sys_clk_pin rise@0.000ns)
  Data Path Delay:        3.590ns  (logic 0.828ns (23.062%)  route 2.762ns (76.938%))
  Logic Levels:           3  (LUT2=1 LUT5=1 LUT6=1)
  Clock Path Skew:        -0.025ns (DCD - SCD + CPR)
    Destination Clock Delay (DCD):    4.853ns = ( 14.853 - 10.000 ) 
    Source Clock Delay      (SCD):    5.151ns
    Clock Pessimism Removal (CPR):    0.273ns
  Clock Uncertainty:      0.035ns  ((TSJ^2 + TIJ^2)^1/2 + DJ) / 2 + PE
    Total System Jitter     (TSJ):    0.071ns
    Total Input Jitter      (TIJ):    0.000ns
    Discrete Jitter          (DJ):    0.000ns
    Phase Error              (PE):    0.000ns

    Location             Delay type                Incr(ns)  Path(ns)    Netlist Resource(s)
  -------------------------------------------------------------------    -------------------
                         (clock sys_clk_pin rise edge)
                                                      0.000     0.000 r  
    W5                                                0.000     0.000 r  clk (IN)
                         net (fo=0)                   0.000     0.000    clk
    W5                   IBUF (Prop_ibuf_I_O)         1.458     1.458 r  clk_IBUF_inst/O
                         net (fo=1, routed)           1.967     3.425    clk_IBUF
    BUFGCTRL_X0Y0        BUFG (Prop_bufg_I_O)         0.096     3.521 r  clk_IBUF_BUFG_inst/O
                         net (fo=28, routed)          1.630     5.151    clk_1Hz/clk_IBUF_BUFG
    SLICE_X4Y13          FDRE                                         r  clk_1Hz/count_reg[22]/C
  -------------------------------------------------------------------    -------------------
    SLICE_X4Y13          FDRE (Prop_fdre_C_Q)         0.456     5.607 f  clk_1Hz/count_reg[22]/Q
                         net (fo=2, routed)           0.860     6.467    clk_1Hz/count_reg[22]
    SLICE_X5Y13          LUT6 (Prop_lut6_I3_O)        0.124     6.591 r  clk_1Hz/count[0]_i_12/O
                         net (fo=1, routed)           0.940     7.531    clk_1Hz/count[0]_i_12_n_0
    SLICE_X5Y10          LUT5 (Prop_lut5_I4_O)        0.124     7.655 r  clk_1Hz/count[0]_i_3/O
                         net (fo=2, routed)           0.161     7.816    clk_1Hz/eqOp
    SLICE_X5Y10          LUT2 (Prop_lut2_I0_O)        0.124     7.940 r  clk_1Hz/count[0]_i_1/O
                         net (fo=27, routed)          0.801     8.742    clk_1Hz/count[0]_i_1_n_0
    SLICE_X4Y14          FDRE                                         r  clk_1Hz/count_reg[26]/R
  -------------------------------------------------------------------    -------------------

                         (clock sys_clk_pin rise edge)
                                                     10.000    10.000 r  
    W5                                                0.000    10.000 r  clk (IN)
                         net (fo=0)                   0.000    10.000    clk
    W5                   IBUF (Prop_ibuf_I_O)         1.388    11.388 r  clk_IBUF_inst/O
                         net (fo=1, routed)           1.862    13.250    clk_IBUF
    BUFGCTRL_X0Y0        BUFG (Prop_bufg_I_O)         0.091    13.341 r  clk_IBUF_BUFG_inst/O
                         net (fo=28, routed)          1.512    14.853    clk_1Hz/clk_IBUF_BUFG
    SLICE_X4Y14          FDRE                                         r  clk_1Hz/count_reg[26]/C
                         clock pessimism              0.273    15.126    
                         clock uncertainty           -0.035    15.091    
    SLICE_X4Y14          FDRE (Setup_fdre_C_R)       -0.429    14.662    clk_1Hz/count_reg[26]
  -------------------------------------------------------------------
                         required time                         14.662    
                         arrival time                          -8.742    
  -------------------------------------------------------------------
                         slack                                  5.920    

Slack (MET) :             6.070ns  (required time - arrival time)
  Source:                 clk_1Hz/count_reg[22]/C
                            (rising edge-triggered cell FDRE clocked by sys_clk_pin  {rise@0.000ns fall@5.000ns period=10.000ns})
  Destination:            clk_1Hz/count_reg[10]/R
                            (rising edge-triggered cell FDRE clocked by sys_clk_pin  {rise@0.000ns fall@5.000ns period=10.000ns})
  Path Group:             sys_clk_pin
  Path Type:              Setup (Max at Slow Process Corner)
  Requirement:            10.000ns  (sys_clk_pin rise@10.000ns - sys_clk_pin rise@0.000ns)
  Data Path Delay:        3.444ns  (logic 0.828ns (24.042%)  route 2.616ns (75.958%))
  Logic Levels:           3  (LUT2=1 LUT5=1 LUT6=1)
  Clock Path Skew:        -0.022ns (DCD - SCD + CPR)
    Destination Clock Delay (DCD):    4.856ns = ( 14.856 - 10.000 ) 
    Source Clock Delay      (SCD):    5.151ns
    Clock Pessimism Removal (CPR):    0.273ns
  Clock Uncertainty:      0.035ns  ((TSJ^2 + TIJ^2)^1/2 + DJ) / 2 + PE
    Total System Jitter     (TSJ):    0.071ns
    Total Input Jitter      (TIJ):    0.000ns
    Discrete Jitter          (DJ):    0.000ns
    Phase Error              (PE):    0.000ns

    Location             Delay type                Incr(ns)  Path(ns)    Netlist Resource(s)
  -------------------------------------------------------------------    -------------------
                         (clock sys_clk_pin rise edge)
                                                      0.000     0.000 r  
    W5                                                0.000     0.000 r  clk (IN)
                         net (fo=0)                   0.000     0.000    clk
    W5                   IBUF (Prop_ibuf_I_O)         1.458     1.458 r  clk_IBUF_inst/O
                         net (fo=1, routed)           1.967     3.425    clk_IBUF
    BUFGCTRL_X0Y0        BUFG (Prop_bufg_I_O)         0.096     3.521 r  clk_IBUF_BUFG_inst/O
                         net (fo=28, routed)          1.630     5.151    clk_1Hz/clk_IBUF_BUFG
    SLICE_X4Y13          FDRE                                         r  clk_1Hz/count_reg[22]/C
  -------------------------------------------------------------------    -------------------
    SLICE_X4Y13          FDRE (Prop_fdre_C_Q)         0.456     5.607 f  clk_1Hz/count_reg[22]/Q
                         net (fo=2, routed)           0.860     6.467    clk_1Hz/count_reg[22]
    SLICE_X5Y13          LUT6 (Prop_lut6_I3_O)        0.124     6.591 r  clk_1Hz/count[0]_i_12/O
                         net (fo=1, routed)           0.940     7.531    clk_1Hz/count[0]_i_12_n_0
    SLICE_X5Y10          LUT5 (Prop_lut5_I4_O)        0.124     7.655 r  clk_1Hz/count[0]_i_3/O
                         net (fo=2, routed)           0.161     7.816    clk_1Hz/eqOp
    SLICE_X5Y10          LUT2 (Prop_lut2_I0_O)        0.124     7.940 r  clk_1Hz/count[0]_i_1/O
                         net (fo=27, routed)          0.655     8.595    clk_1Hz/count[0]_i_1_n_0
    SLICE_X4Y10          FDRE                                         r  clk_1Hz/count_reg[10]/R
  -------------------------------------------------------------------    -------------------

                         (clock sys_clk_pin rise edge)
                                                     10.000    10.000 r  
    W5                                                0.000    10.000 r  clk (IN)
                         net (fo=0)                   0.000    10.000    clk
    W5                   IBUF (Prop_ibuf_I_O)         1.388    11.388 r  clk_IBUF_inst/O
                         net (fo=1, routed)           1.862    13.250    clk_IBUF
    BUFGCTRL_X0Y0        BUFG (Prop_bufg_I_O)         0.091    13.341 r  clk_IBUF_BUFG_inst/O
                         net (fo=28, routed)          1.515    14.856    clk_1Hz/clk_IBUF_BUFG
    SLICE_X4Y10          FDRE                                         r  clk_1Hz/count_reg[10]/C
                         clock pessimism              0.273    15.129    
                         clock uncertainty           -0.035    15.094    
    SLICE_X4Y10          FDRE (Setup_fdre_C_R)       -0.429    14.665    clk_1Hz/count_reg[10]
  -------------------------------------------------------------------
                         required time                         14.665    
                         arrival time                          -8.595    
  -------------------------------------------------------------------
                         slack                                  6.070    

Slack (MET) :             6.070ns  (required time - arrival time)
  Source:                 clk_1Hz/count_reg[22]/C
                            (rising edge-triggered cell FDRE clocked by sys_clk_pin  {rise@0.000ns fall@5.000ns period=10.000ns})
  Destination:            clk_1Hz/count_reg[11]/R
                            (rising edge-triggered cell FDRE clocked by sys_clk_pin  {rise@0.000ns fall@5.000ns period=10.000ns})
  Path Group:             sys_clk_pin
  Path Type:              Setup (Max at Slow Process Corner)
  Requirement:            10.000ns  (sys_clk_pin rise@10.000ns - sys_clk_pin rise@0.000ns)
  Data Path Delay:        3.444ns  (logic 0.828ns (24.042%)  route 2.616ns (75.958%))
  Logic Levels:           3  (LUT2=1 LUT5=1 LUT6=1)
  Clock Path Skew:        -0.022ns (DCD - SCD + CPR)
    Destination Clock Delay (DCD):    4.856ns = ( 14.856 - 10.000 ) 
    Source Clock Delay      (SCD):    5.151ns
    Clock Pessimism Removal (CPR):    0.273ns
  Clock Uncertainty:      0.035ns  ((TSJ^2 + TIJ^2)^1/2 + DJ) / 2 + PE
    Total System Jitter     (TSJ):    0.071ns
    Total Input Jitter      (TIJ):    0.000ns
    Discrete Jitter          (DJ):    0.000ns
    Phase Error              (PE):    0.000ns

    Location             Delay type                Incr(ns)  Path(ns)    Netlist Resource(s)
  -------------------------------------------------------------------    -------------------
                         (clock sys_clk_pin rise edge)
                                                      0.000     0.000 r  
    W5                                                0.000     0.000 r  clk (IN)
                         net (fo=0)                   0.000     0.000    clk
    W5                   IBUF (Prop_ibuf_I_O)         1.458     1.458 r  clk_IBUF_inst/O
                         net (fo=1, routed)           1.967     3.425    clk_IBUF
    BUFGCTRL_X0Y0        BUFG (Prop_bufg_I_O)         0.096     3.521 r  clk_IBUF_BUFG_inst/O
                         net (fo=28, routed)          1.630     5.151    clk_1Hz/clk_IBUF_BUFG
    SLICE_X4Y13          FDRE                                         r  clk_1Hz/count_reg[22]/C
  -------------------------------------------------------------------    -------------------
    SLICE_X4Y13          FDRE (Prop_fdre_C_Q)         0.456     5.607 f  clk_1Hz/count_reg[22]/Q
                         net (fo=2, routed)           0.860     6.467    clk_1Hz/count_reg[22]
    SLICE_X5Y13          LUT6 (Prop_lut6_I3_O)        0.124     6.591 r  clk_1Hz/count[0]_i_12/O
                         net (fo=1, routed)           0.940     7.531    clk_1Hz/count[0]_i_12_n_0
    SLICE_X5Y10          LUT5 (Prop_lut5_I4_O)        0.124     7.655 r  clk_1Hz/count[0]_i_3/O
                         net (fo=2, routed)           0.161     7.816    clk_1Hz/eqOp
    SLICE_X5Y10          LUT2 (Prop_lut2_I0_O)        0.124     7.940 r  clk_1Hz/count[0]_i_1/O
                         net (fo=27, routed)          0.655     8.595    clk_1Hz/count[0]_i_1_n_0
    SLICE_X4Y10          FDRE                                         r  clk_1Hz/count_reg[11]/R
  -------------------------------------------------------------------    -------------------

                         (clock sys_clk_pin rise edge)
                                                     10.000    10.000 r  
    W5                                                0.000    10.000 r  clk (IN)
                         net (fo=0)                   0.000    10.000    clk
    W5                   IBUF (Prop_ibuf_I_O)         1.388    11.388 r  clk_IBUF_inst/O
                         net (fo=1, routed)           1.862    13.250    clk_IBUF
    BUFGCTRL_X0Y0        BUFG (Prop_bufg_I_O)         0.091    13.341 r  clk_IBUF_BUFG_inst/O
                         net (fo=28, routed)          1.515    14.856    clk_1Hz/clk_IBUF_BUFG
    SLICE_X4Y10          FDRE                                         r  clk_1Hz/count_reg[11]/C
                         clock pessimism              0.273    15.129    
                         clock uncertainty           -0.035    15.094    
    SLICE_X4Y10          FDRE (Setup_fdre_C_R)       -0.429    14.665    clk_1Hz/count_reg[11]
  -------------------------------------------------------------------
                         required time                         14.665    
                         arrival time                          -8.595    
  -------------------------------------------------------------------
                         slack                                  6.070    

Slack (MET) :             6.070ns  (required time - arrival time)
  Source:                 clk_1Hz/count_reg[22]/C
                            (rising edge-triggered cell FDRE clocked by sys_clk_pin  {rise@0.000ns fall@5.000ns period=10.000ns})
  Destination:            clk_1Hz/count_reg[8]/R
                            (rising edge-triggered cell FDRE clocked by sys_clk_pin  {rise@0.000ns fall@5.000ns period=10.000ns})
  Path Group:             sys_clk_pin
  Path Type:              Setup (Max at Slow Process Corner)
  Requirement:            10.000ns  (sys_clk_pin rise@10.000ns - sys_clk_pin rise@0.000ns)
  Data Path Delay:        3.444ns  (logic 0.828ns (24.042%)  route 2.616ns (75.958%))
  Logic Levels:           3  (LUT2=1 LUT5=1 LUT6=1)
  Clock Path Skew:        -0.022ns (DCD - SCD + CPR)
    Destination Clock Delay (DCD):    4.856ns = ( 14.856 - 10.000 ) 
    Source Clock Delay      (SCD):    5.151ns
    Clock Pessimism Removal (CPR):    0.273ns
  Clock Uncertainty:      0.035ns  ((TSJ^2 + TIJ^2)^1/2 + DJ) / 2 + PE
    Total System Jitter     (TSJ):    0.071ns
    Total Input Jitter      (TIJ):    0.000ns
    Discrete Jitter          (DJ):    0.000ns
    Phase Error              (PE):    0.000ns

    Location             Delay type                Incr(ns)  Path(ns)    Netlist Resource(s)
  -------------------------------------------------------------------    -------------------
                         (clock sys_clk_pin rise edge)
                                                      0.000     0.000 r  
    W5                                                0.000     0.000 r  clk (IN)
                         net (fo=0)                   0.000     0.000    clk
    W5                   IBUF (Prop_ibuf_I_O)         1.458     1.458 r  clk_IBUF_inst/O
                         net (fo=1, routed)           1.967     3.425    clk_IBUF
    BUFGCTRL_X0Y0        BUFG (Prop_bufg_I_O)         0.096     3.521 r  clk_IBUF_BUFG_inst/O
                         net (fo=28, routed)          1.630     5.151    clk_1Hz/clk_IBUF_BUFG
    SLICE_X4Y13          FDRE                                         r  clk_1Hz/count_reg[22]/C
  -------------------------------------------------------------------    -------------------
    SLICE_X4Y13          FDRE (Prop_fdre_C_Q)         0.456     5.607 f  clk_1Hz/count_reg[22]/Q
                         net (fo=2, routed)           0.860     6.467    clk_1Hz/count_reg[22]
    SLICE_X5Y13          LUT6 (Prop_lut6_I3_O)        0.124     6.591 r  clk_1Hz/count[0]_i_12/O
                         net (fo=1, routed)           0.940     7.531    clk_1Hz/count[0]_i_12_n_0
    SLICE_X5Y10          LUT5 (Prop_lut5_I4_O)        0.124     7.655 r  clk_1Hz/count[0]_i_3/O
                         net (fo=2, routed)           0.161     7.816    clk_1Hz/eqOp
    SLICE_X5Y10          LUT2 (Prop_lut2_I0_O)        0.124     7.940 r  clk_1Hz/count[0]_i_1/O
                         net (fo=27, routed)          0.655     8.595    clk_1Hz/count[0]_i_1_n_0
    SLICE_X4Y10          FDRE                                         r  clk_1Hz/count_reg[8]/R
  -------------------------------------------------------------------    -------------------

                         (clock sys_clk_pin rise edge)
                                                     10.000    10.000 r  
    W5                                                0.000    10.000 r  clk (IN)
                         net (fo=0)                   0.000    10.000    clk
    W5                   IBUF (Prop_ibuf_I_O)         1.388    11.388 r  clk_IBUF_inst/O
                         net (fo=1, routed)           1.862    13.250    clk_IBUF
    BUFGCTRL_X0Y0        BUFG (Prop_bufg_I_O)         0.091    13.341 r  clk_IBUF_BUFG_inst/O
                         net (fo=28, routed)          1.515    14.856    clk_1Hz/clk_IBUF_BUFG
    SLICE_X4Y10          FDRE                                         r  clk_1Hz/count_reg[8]/C
                         clock pessimism              0.273    15.129    
                         clock uncertainty           -0.035    15.094    
    SLICE_X4Y10          FDRE (Setup_fdre_C_R)       -0.429    14.665    clk_1Hz/count_reg[8]
  -------------------------------------------------------------------
                         required time                         14.665    
                         arrival time                          -8.595    
  -------------------------------------------------------------------
                         slack                                  6.070    

Slack (MET) :             6.070ns  (required time - arrival time)
  Source:                 clk_1Hz/count_reg[22]/C
                            (rising edge-triggered cell FDRE clocked by sys_clk_pin  {rise@0.000ns fall@5.000ns period=10.000ns})
  Destination:            clk_1Hz/count_reg[9]/R
                            (rising edge-triggered cell FDRE clocked by sys_clk_pin  {rise@0.000ns fall@5.000ns period=10.000ns})
  Path Group:             sys_clk_pin
  Path Type:              Setup (Max at Slow Process Corner)
  Requirement:            10.000ns  (sys_clk_pin rise@10.000ns - sys_clk_pin rise@0.000ns)
  Data Path Delay:        3.444ns  (logic 0.828ns (24.042%)  route 2.616ns (75.958%))
  Logic Levels:           3  (LUT2=1 LUT5=1 LUT6=1)
  Clock Path Skew:        -0.022ns (DCD - SCD + CPR)
    Destination Clock Delay (DCD):    4.856ns = ( 14.856 - 10.000 ) 
    Source Clock Delay      (SCD):    5.151ns
    Clock Pessimism Removal (CPR):    0.273ns
  Clock Uncertainty:      0.035ns  ((TSJ^2 + TIJ^2)^1/2 + DJ) / 2 + PE
    Total System Jitter     (TSJ):    0.071ns
    Total Input Jitter      (TIJ):    0.000ns
    Discrete Jitter          (DJ):    0.000ns
    Phase Error              (PE):    0.000ns

    Location             Delay type                Incr(ns)  Path(ns)    Netlist Resource(s)
  -------------------------------------------------------------------    -------------------
                         (clock sys_clk_pin rise edge)
                                                      0.000     0.000 r  
    W5                                                0.000     0.000 r  clk (IN)
                         net (fo=0)                   0.000     0.000    clk
    W5                   IBUF (Prop_ibuf_I_O)         1.458     1.458 r  clk_IBUF_inst/O
                         net (fo=1, routed)           1.967     3.425    clk_IBUF
    BUFGCTRL_X0Y0        BUFG (Prop_bufg_I_O)         0.096     3.521 r  clk_IBUF_BUFG_inst/O
                         net (fo=28, routed)          1.630     5.151    clk_1Hz/clk_IBUF_BUFG
    SLICE_X4Y13          FDRE                                         r  clk_1Hz/count_reg[22]/C
  -------------------------------------------------------------------    -------------------
    SLICE_X4Y13          FDRE (Prop_fdre_C_Q)         0.456     5.607 f  clk_1Hz/count_reg[22]/Q
                         net (fo=2, routed)           0.860     6.467    clk_1Hz/count_reg[22]
    SLICE_X5Y13          LUT6 (Prop_lut6_I3_O)        0.124     6.591 r  clk_1Hz/count[0]_i_12/O
                         net (fo=1, routed)           0.940     7.531    clk_1Hz/count[0]_i_12_n_0
    SLICE_X5Y10          LUT5 (Prop_lut5_I4_O)        0.124     7.655 r  clk_1Hz/count[0]_i_3/O
                         net (fo=2, routed)           0.161     7.816    clk_1Hz/eqOp
    SLICE_X5Y10          LUT2 (Prop_lut2_I0_O)        0.124     7.940 r  clk_1Hz/count[0]_i_1/O
                         net (fo=27, routed)          0.655     8.595    clk_1Hz/count[0]_i_1_n_0
    SLICE_X4Y10          FDRE                                         r  clk_1Hz/count_reg[9]/R
  -------------------------------------------------------------------    -------------------

                         (clock sys_clk_pin rise edge)
                                                     10.000    10.000 r  
    W5                                                0.000    10.000 r  clk (IN)
                         net (fo=0)                   0.000    10.000    clk
    W5                   IBUF (Prop_ibuf_I_O)         1.388    11.388 r  clk_IBUF_inst/O
                         net (fo=1, routed)           1.862    13.250    clk_IBUF
    BUFGCTRL_X0Y0        BUFG (Prop_bufg_I_O)         0.091    13.341 r  clk_IBUF_BUFG_inst/O
                         net (fo=28, routed)          1.515    14.856    clk_1Hz/clk_IBUF_BUFG
    SLICE_X4Y10          FDRE                                         r  clk_1Hz/count_reg[9]/C
                         clock pessimism              0.273    15.129    
                         clock uncertainty           -0.035    15.094    
    SLICE_X4Y10          FDRE (Setup_fdre_C_R)       -0.429    14.665    clk_1Hz/count_reg[9]
  -------------------------------------------------------------------
                         required time                         14.665    
                         arrival time                          -8.595    
  -------------------------------------------------------------------
                         slack                                  6.070    

Slack (MET) :             6.084ns  (required time - arrival time)
  Source:                 clk_1Hz/count_reg[22]/C
                            (rising edge-triggered cell FDRE clocked by sys_clk_pin  {rise@0.000ns fall@5.000ns period=10.000ns})
  Destination:            clk_1Hz/count_reg[20]/R
                            (rising edge-triggered cell FDRE clocked by sys_clk_pin  {rise@0.000ns fall@5.000ns period=10.000ns})
  Path Group:             sys_clk_pin
  Path Type:              Setup (Max at Slow Process Corner)
  Requirement:            10.000ns  (sys_clk_pin rise@10.000ns - sys_clk_pin rise@0.000ns)
  Data Path Delay:        3.452ns  (logic 0.828ns (23.986%)  route 2.624ns (76.014%))
  Logic Levels:           3  (LUT2=1 LUT5=1 LUT6=1)
  Clock Path Skew:        0.000ns (DCD - SCD + CPR)
    Destination Clock Delay (DCD):    4.853ns = ( 14.853 - 10.000 ) 
    Source Clock Delay      (SCD):    5.151ns
    Clock Pessimism Removal (CPR):    0.298ns
  Clock Uncertainty:      0.035ns  ((TSJ^2 + TIJ^2)^1/2 + DJ) / 2 + PE
    Total System Jitter     (TSJ):    0.071ns
    Total Input Jitter      (TIJ):    0.000ns
    Discrete Jitter          (DJ):    0.000ns
    Phase Error              (PE):    0.000ns

    Location             Delay type                Incr(ns)  Path(ns)    Netlist Resource(s)
  -------------------------------------------------------------------    -------------------
                         (clock sys_clk_pin rise edge)
                                                      0.000     0.000 r  
    W5                                                0.000     0.000 r  clk (IN)
                         net (fo=0)                   0.000     0.000    clk
    W5                   IBUF (Prop_ibuf_I_O)         1.458     1.458 r  clk_IBUF_inst/O
                         net (fo=1, routed)           1.967     3.425    clk_IBUF
    BUFGCTRL_X0Y0        BUFG (Prop_bufg_I_O)         0.096     3.521 r  clk_IBUF_BUFG_inst/O
                         net (fo=28, routed)          1.630     5.151    clk_1Hz/clk_IBUF_BUFG
    SLICE_X4Y13          FDRE                                         r  clk_1Hz/count_reg[22]/C
  -------------------------------------------------------------------    -------------------
    SLICE_X4Y13          FDRE (Prop_fdre_C_Q)         0.456     5.607 f  clk_1Hz/count_reg[22]/Q
                         net (fo=2, routed)           0.860     6.467    clk_1Hz/count_reg[22]
    SLICE_X5Y13          LUT6 (Prop_lut6_I3_O)        0.124     6.591 r  clk_1Hz/count[0]_i_12/O
                         net (fo=1, routed)           0.940     7.531    clk_1Hz/count[0]_i_12_n_0
    SLICE_X5Y10          LUT5 (Prop_lut5_I4_O)        0.124     7.655 r  clk_1Hz/count[0]_i_3/O
                         net (fo=2, routed)           0.161     7.816    clk_1Hz/eqOp
    SLICE_X5Y10          LUT2 (Prop_lut2_I0_O)        0.124     7.940 r  clk_1Hz/count[0]_i_1/O
                         net (fo=27, routed)          0.663     8.603    clk_1Hz/count[0]_i_1_n_0
    SLICE_X4Y13          FDRE                                         r  clk_1Hz/count_reg[20]/R
  -------------------------------------------------------------------    -------------------

                         (clock sys_clk_pin rise edge)
                                                     10.000    10.000 r  
    W5                                                0.000    10.000 r  clk (IN)
                         net (fo=0)                   0.000    10.000    clk
    W5                   IBUF (Prop_ibuf_I_O)         1.388    11.388 r  clk_IBUF_inst/O
                         net (fo=1, routed)           1.862    13.250    clk_IBUF
    BUFGCTRL_X0Y0        BUFG (Prop_bufg_I_O)         0.091    13.341 r  clk_IBUF_BUFG_inst/O
                         net (fo=28, routed)          1.512    14.853    clk_1Hz/clk_IBUF_BUFG
    SLICE_X4Y13          FDRE                                         r  clk_1Hz/count_reg[20]/C
                         clock pessimism              0.298    15.151    
                         clock uncertainty           -0.035    15.116    
    SLICE_X4Y13          FDRE (Setup_fdre_C_R)       -0.429    14.687    clk_1Hz/count_reg[20]
  -------------------------------------------------------------------
                         required time                         14.687    
                         arrival time                          -8.603    
  -------------------------------------------------------------------
                         slack                                  6.084    

Slack (MET) :             6.084ns  (required time - arrival time)
  Source:                 clk_1Hz/count_reg[22]/C
                            (rising edge-triggered cell FDRE clocked by sys_clk_pin  {rise@0.000ns fall@5.000ns period=10.000ns})
  Destination:            clk_1Hz/count_reg[21]/R
                            (rising edge-triggered cell FDRE clocked by sys_clk_pin  {rise@0.000ns fall@5.000ns period=10.000ns})
  Path Group:             sys_clk_pin
  Path Type:              Setup (Max at Slow Process Corner)
  Requirement:            10.000ns  (sys_clk_pin rise@10.000ns - sys_clk_pin rise@0.000ns)
  Data Path Delay:        3.452ns  (logic 0.828ns (23.986%)  route 2.624ns (76.014%))
  Logic Levels:           3  (LUT2=1 LUT5=1 LUT6=1)
  Clock Path Skew:        0.000ns (DCD - SCD + CPR)
    Destination Clock Delay (DCD):    4.853ns = ( 14.853 - 10.000 ) 
    Source Clock Delay      (SCD):    5.151ns
    Clock Pessimism Removal (CPR):    0.298ns
  Clock Uncertainty:      0.035ns  ((TSJ^2 + TIJ^2)^1/2 + DJ) / 2 + PE
    Total System Jitter     (TSJ):    0.071ns
    Total Input Jitter      (TIJ):    0.000ns
    Discrete Jitter          (DJ):    0.000ns
    Phase Error              (PE):    0.000ns

    Location             Delay type                Incr(ns)  Path(ns)    Netlist Resource(s)
  -------------------------------------------------------------------    -------------------
                         (clock sys_clk_pin rise edge)
                                                      0.000     0.000 r  
    W5                                                0.000     0.000 r  clk (IN)
                         net (fo=0)                   0.000     0.000    clk
    W5                   IBUF (Prop_ibuf_I_O)         1.458     1.458 r  clk_IBUF_inst/O
                         net (fo=1, routed)           1.967     3.425    clk_IBUF
    BUFGCTRL_X0Y0        BUFG (Prop_bufg_I_O)         0.096     3.521 r  clk_IBUF_BUFG_inst/O
                         net (fo=28, routed)          1.630     5.151    clk_1Hz/clk_IBUF_BUFG
    SLICE_X4Y13          FDRE                                         r  clk_1Hz/count_reg[22]/C
  -------------------------------------------------------------------    -------------------
    SLICE_X4Y13          FDRE (Prop_fdre_C_Q)         0.456     5.607 f  clk_1Hz/count_reg[22]/Q
                         net (fo=2, routed)           0.860     6.467    clk_1Hz/count_reg[22]
    SLICE_X5Y13          LUT6 (Prop_lut6_I3_O)        0.124     6.591 r  clk_1Hz/count[0]_i_12/O
                         net (fo=1, routed)           0.940     7.531    clk_1Hz/count[0]_i_12_n_0
    SLICE_X5Y10          LUT5 (Prop_lut5_I4_O)        0.124     7.655 r  clk_1Hz/count[0]_i_3/O
                         net (fo=2, routed)           0.161     7.816    clk_1Hz/eqOp
    SLICE_X5Y10          LUT2 (Prop_lut2_I0_O)        0.124     7.940 r  clk_1Hz/count[0]_i_1/O
                         net (fo=27, routed)          0.663     8.603    clk_1Hz/count[0]_i_1_n_0
    SLICE_X4Y13          FDRE                                         r  clk_1Hz/count_reg[21]/R
  -------------------------------------------------------------------    -------------------

                         (clock sys_clk_pin rise edge)
                                                     10.000    10.000 r  
    W5                                                0.000    10.000 r  clk (IN)
                         net (fo=0)                   0.000    10.000    clk
    W5                   IBUF (Prop_ibuf_I_O)         1.388    11.388 r  clk_IBUF_inst/O
                         net (fo=1, routed)           1.862    13.250    clk_IBUF
    BUFGCTRL_X0Y0        BUFG (Prop_bufg_I_O)         0.091    13.341 r  clk_IBUF_BUFG_inst/O
                         net (fo=28, routed)          1.512    14.853    clk_1Hz/clk_IBUF_BUFG
    SLICE_X4Y13          FDRE                                         r  clk_1Hz/count_reg[21]/C
                         clock pessimism              0.298    15.151    
                         clock uncertainty           -0.035    15.116    
    SLICE_X4Y13          FDRE (Setup_fdre_C_R)       -0.429    14.687    clk_1Hz/count_reg[21]
  -------------------------------------------------------------------
                         required time                         14.687    
                         arrival time                          -8.603    
  -------------------------------------------------------------------
                         slack                                  6.084    

Slack (MET) :             6.084ns  (required time - arrival time)
  Source:                 clk_1Hz/count_reg[22]/C
                            (rising edge-triggered cell FDRE clocked by sys_clk_pin  {rise@0.000ns fall@5.000ns period=10.000ns})
  Destination:            clk_1Hz/count_reg[22]/R
                            (rising edge-triggered cell FDRE clocked by sys_clk_pin  {rise@0.000ns fall@5.000ns period=10.000ns})
  Path Group:             sys_clk_pin
  Path Type:              Setup (Max at Slow Process Corner)
  Requirement:            10.000ns  (sys_clk_pin rise@10.000ns - sys_clk_pin rise@0.000ns)
  Data Path Delay:        3.452ns  (logic 0.828ns (23.986%)  route 2.624ns (76.014%))
  Logic Levels:           3  (LUT2=1 LUT5=1 LUT6=1)
  Clock Path Skew:        0.000ns (DCD - SCD + CPR)
    Destination Clock Delay (DCD):    4.853ns = ( 14.853 - 10.000 ) 
    Source Clock Delay      (SCD):    5.151ns
    Clock Pessimism Removal (CPR):    0.298ns
  Clock Uncertainty:      0.035ns  ((TSJ^2 + TIJ^2)^1/2 + DJ) / 2 + PE
    Total System Jitter     (TSJ):    0.071ns
    Total Input Jitter      (TIJ):    0.000ns
    Discrete Jitter          (DJ):    0.000ns
    Phase Error              (PE):    0.000ns

    Location             Delay type                Incr(ns)  Path(ns)    Netlist Resource(s)
  -------------------------------------------------------------------    -------------------
                         (clock sys_clk_pin rise edge)
                                                      0.000     0.000 r  
    W5                                                0.000     0.000 r  clk (IN)
                         net (fo=0)                   0.000     0.000    clk
    W5                   IBUF (Prop_ibuf_I_O)         1.458     1.458 r  clk_IBUF_inst/O
                         net (fo=1, routed)           1.967     3.425    clk_IBUF
    BUFGCTRL_X0Y0        BUFG (Prop_bufg_I_O)         0.096     3.521 r  clk_IBUF_BUFG_inst/O
                         net (fo=28, routed)          1.630     5.151    clk_1Hz/clk_IBUF_BUFG
    SLICE_X4Y13          FDRE                                         r  clk_1Hz/count_reg[22]/C
  -------------------------------------------------------------------    -------------------
    SLICE_X4Y13          FDRE (Prop_fdre_C_Q)         0.456     5.607 f  clk_1Hz/count_reg[22]/Q
                         net (fo=2, routed)           0.860     6.467    clk_1Hz/count_reg[22]
    SLICE_X5Y13          LUT6 (Prop_lut6_I3_O)        0.124     6.591 r  clk_1Hz/count[0]_i_12/O
                         net (fo=1, routed)           0.940     7.531    clk_1Hz/count[0]_i_12_n_0
    SLICE_X5Y10          LUT5 (Prop_lut5_I4_O)        0.124     7.655 r  clk_1Hz/count[0]_i_3/O
                         net (fo=2, routed)           0.161     7.816    clk_1Hz/eqOp
    SLICE_X5Y10          LUT2 (Prop_lut2_I0_O)        0.124     7.940 r  clk_1Hz/count[0]_i_1/O
                         net (fo=27, routed)          0.663     8.603    clk_1Hz/count[0]_i_1_n_0
    SLICE_X4Y13          FDRE                                         r  clk_1Hz/count_reg[22]/R
  -------------------------------------------------------------------    -------------------

                         (clock sys_clk_pin rise edge)
                                                     10.000    10.000 r  
    W5                                                0.000    10.000 r  clk (IN)
                         net (fo=0)                   0.000    10.000    clk
    W5                   IBUF (Prop_ibuf_I_O)         1.388    11.388 r  clk_IBUF_inst/O
                         net (fo=1, routed)           1.862    13.250    clk_IBUF
    BUFGCTRL_X0Y0        BUFG (Prop_bufg_I_O)         0.091    13.341 r  clk_IBUF_BUFG_inst/O
                         net (fo=28, routed)          1.512    14.853    clk_1Hz/clk_IBUF_BUFG
    SLICE_X4Y13          FDRE                                         r  clk_1Hz/count_reg[22]/C
                         clock pessimism              0.298    15.151    
                         clock uncertainty           -0.035    15.116    
    SLICE_X4Y13          FDRE (Setup_fdre_C_R)       -0.429    14.687    clk_1Hz/count_reg[22]
  -------------------------------------------------------------------
                         required time                         14.687    
                         arrival time                          -8.603    
  -------------------------------------------------------------------
                         slack                                  6.084    





Min Delay Paths
--------------------------------------------------------------------------------------
Slack (MET) :             0.280ns  (arrival time - required time)
  Source:                 clk_1Hz/count_reg[2]/C
                            (rising edge-triggered cell FDRE clocked by sys_clk_pin  {rise@0.000ns fall@5.000ns period=10.000ns})
  Destination:            clk_1Hz/count_reg[2]/D
                            (rising edge-triggered cell FDRE clocked by sys_clk_pin  {rise@0.000ns fall@5.000ns period=10.000ns})
  Path Group:             sys_clk_pin
  Path Type:              Hold (Min at Fast Process Corner)
  Requirement:            0.000ns  (sys_clk_pin rise@0.000ns - sys_clk_pin rise@0.000ns)
  Data Path Delay:        0.385ns  (logic 0.252ns (65.529%)  route 0.133ns (34.471%))
  Logic Levels:           1  (CARRY4=1)
  Clock Path Skew:        0.000ns (DCD - SCD - CPR)
    Destination Clock Delay (DCD):    1.990ns
    Source Clock Delay      (SCD):    1.475ns
    Clock Pessimism Removal (CPR):    0.515ns

    Location             Delay type                Incr(ns)  Path(ns)    Netlist Resource(s)
  -------------------------------------------------------------------    -------------------
                         (clock sys_clk_pin rise edge)
                                                      0.000     0.000 r  
    W5                                                0.000     0.000 r  clk (IN)
                         net (fo=0)                   0.000     0.000    clk
    W5                   IBUF (Prop_ibuf_I_O)         0.226     0.226 r  clk_IBUF_inst/O
                         net (fo=1, routed)           0.631     0.858    clk_IBUF
    BUFGCTRL_X0Y0        BUFG (Prop_bufg_I_O)         0.026     0.884 r  clk_IBUF_BUFG_inst/O
                         net (fo=28, routed)          0.592     1.475    clk_1Hz/clk_IBUF_BUFG
    SLICE_X4Y8           FDRE                                         r  clk_1Hz/count_reg[2]/C
  -------------------------------------------------------------------    -------------------
    SLICE_X4Y8           FDRE (Prop_fdre_C_Q)         0.141     1.616 r  clk_1Hz/count_reg[2]/Q
                         net (fo=2, routed)           0.133     1.749    clk_1Hz/count_reg[2]
    SLICE_X4Y8           CARRY4 (Prop_carry4_S[2]_O[2])
                                                      0.111     1.860 r  clk_1Hz/count_reg[0]_i_2/O[2]
                         net (fo=1, routed)           0.000     1.860    clk_1Hz/count_reg[0]_i_2_n_5
    SLICE_X4Y8           FDRE                                         r  clk_1Hz/count_reg[2]/D
  -------------------------------------------------------------------    -------------------

                         (clock sys_clk_pin rise edge)
                                                      0.000     0.000 r  
    W5                                                0.000     0.000 r  clk (IN)
                         net (fo=0)                   0.000     0.000    clk
    W5                   IBUF (Prop_ibuf_I_O)         0.414     0.414 r  clk_IBUF_inst/O
                         net (fo=1, routed)           0.685     1.099    clk_IBUF
    BUFGCTRL_X0Y0        BUFG (Prop_bufg_I_O)         0.029     1.128 r  clk_IBUF_BUFG_inst/O
                         net (fo=28, routed)          0.863     1.990    clk_1Hz/clk_IBUF_BUFG
    SLICE_X4Y8           FDRE                                         r  clk_1Hz/count_reg[2]/C
                         clock pessimism             -0.515     1.475    
    SLICE_X4Y8           FDRE (Hold_fdre_C_D)         0.105     1.580    clk_1Hz/count_reg[2]
  -------------------------------------------------------------------
                         required time                         -1.580    
                         arrival time                           1.860    
  -------------------------------------------------------------------
                         slack                                  0.280    

Slack (MET) :             0.280ns  (arrival time - required time)
  Source:                 clk_1Hz/count_reg[6]/C
                            (rising edge-triggered cell FDRE clocked by sys_clk_pin  {rise@0.000ns fall@5.000ns period=10.000ns})
  Destination:            clk_1Hz/count_reg[6]/D
                            (rising edge-triggered cell FDRE clocked by sys_clk_pin  {rise@0.000ns fall@5.000ns period=10.000ns})
  Path Group:             sys_clk_pin
  Path Type:              Hold (Min at Fast Process Corner)
  Requirement:            0.000ns  (sys_clk_pin rise@0.000ns - sys_clk_pin rise@0.000ns)
  Data Path Delay:        0.385ns  (logic 0.252ns (65.529%)  route 0.133ns (34.471%))
  Logic Levels:           1  (CARRY4=1)
  Clock Path Skew:        0.000ns (DCD - SCD - CPR)
    Destination Clock Delay (DCD):    1.990ns
    Source Clock Delay      (SCD):    1.475ns
    Clock Pessimism Removal (CPR):    0.515ns

    Location             Delay type                Incr(ns)  Path(ns)    Netlist Resource(s)
  -------------------------------------------------------------------    -------------------
                         (clock sys_clk_pin rise edge)
                                                      0.000     0.000 r  
    W5                                                0.000     0.000 r  clk (IN)
                         net (fo=0)                   0.000     0.000    clk
    W5                   IBUF (Prop_ibuf_I_O)         0.226     0.226 r  clk_IBUF_inst/O
                         net (fo=1, routed)           0.631     0.858    clk_IBUF
    BUFGCTRL_X0Y0        BUFG (Prop_bufg_I_O)         0.026     0.884 r  clk_IBUF_BUFG_inst/O
                         net (fo=28, routed)          0.592     1.475    clk_1Hz/clk_IBUF_BUFG
    SLICE_X4Y9           FDRE                                         r  clk_1Hz/count_reg[6]/C
  -------------------------------------------------------------------    -------------------
    SLICE_X4Y9           FDRE (Prop_fdre_C_Q)         0.141     1.616 r  clk_1Hz/count_reg[6]/Q
                         net (fo=2, routed)           0.133     1.749    clk_1Hz/count_reg[6]
    SLICE_X4Y9           CARRY4 (Prop_carry4_S[2]_O[2])
                                                      0.111     1.860 r  clk_1Hz/count_reg[4]_i_1/O[2]
                         net (fo=1, routed)           0.000     1.860    clk_1Hz/count_reg[4]_i_1_n_5
    SLICE_X4Y9           FDRE                                         r  clk_1Hz/count_reg[6]/D
  -------------------------------------------------------------------    -------------------

                         (clock sys_clk_pin rise edge)
                                                      0.000     0.000 r  
    W5                                                0.000     0.000 r  clk (IN)
                         net (fo=0)                   0.000     0.000    clk
    W5                   IBUF (Prop_ibuf_I_O)         0.414     0.414 r  clk_IBUF_inst/O
                         net (fo=1, routed)           0.685     1.099    clk_IBUF
    BUFGCTRL_X0Y0        BUFG (Prop_bufg_I_O)         0.029     1.128 r  clk_IBUF_BUFG_inst/O
                         net (fo=28, routed)          0.863     1.990    clk_1Hz/clk_IBUF_BUFG
    SLICE_X4Y9           FDRE                                         r  clk_1Hz/count_reg[6]/C
                         clock pessimism             -0.515     1.475    
    SLICE_X4Y9           FDRE (Hold_fdre_C_D)         0.105     1.580    clk_1Hz/count_reg[6]
  -------------------------------------------------------------------
                         required time                         -1.580    
                         arrival time                           1.860    
  -------------------------------------------------------------------
                         slack                                  0.280    

Slack (MET) :             0.280ns  (arrival time - required time)
  Source:                 clk_1Hz/count_reg[10]/C
                            (rising edge-triggered cell FDRE clocked by sys_clk_pin  {rise@0.000ns fall@5.000ns period=10.000ns})
  Destination:            clk_1Hz/count_reg[10]/D
                            (rising edge-triggered cell FDRE clocked by sys_clk_pin  {rise@0.000ns fall@5.000ns period=10.000ns})
  Path Group:             sys_clk_pin
  Path Type:              Hold (Min at Fast Process Corner)
  Requirement:            0.000ns  (sys_clk_pin rise@0.000ns - sys_clk_pin rise@0.000ns)
  Data Path Delay:        0.385ns  (logic 0.252ns (65.465%)  route 0.133ns (34.535%))
  Logic Levels:           1  (CARRY4=1)
  Clock Path Skew:        0.000ns (DCD - SCD - CPR)
    Destination Clock Delay (DCD):    1.989ns
    Source Clock Delay      (SCD):    1.474ns
    Clock Pessimism Removal (CPR):    0.515ns

    Location             Delay type                Incr(ns)  Path(ns)    Netlist Resource(s)
  -------------------------------------------------------------------    -------------------
                         (clock sys_clk_pin rise edge)
                                                      0.000     0.000 r  
    W5                                                0.000     0.000 r  clk (IN)
                         net (fo=0)                   0.000     0.000    clk
    W5                   IBUF (Prop_ibuf_I_O)         0.226     0.226 r  clk_IBUF_inst/O
                         net (fo=1, routed)           0.631     0.858    clk_IBUF
    BUFGCTRL_X0Y0        BUFG (Prop_bufg_I_O)         0.026     0.884 r  clk_IBUF_BUFG_inst/O
                         net (fo=28, routed)          0.591     1.474    clk_1Hz/clk_IBUF_BUFG
    SLICE_X4Y10          FDRE                                         r  clk_1Hz/count_reg[10]/C
  -------------------------------------------------------------------    -------------------
    SLICE_X4Y10          FDRE (Prop_fdre_C_Q)         0.141     1.615 r  clk_1Hz/count_reg[10]/Q
                         net (fo=2, routed)           0.133     1.748    clk_1Hz/count_reg[10]
    SLICE_X4Y10          CARRY4 (Prop_carry4_S[2]_O[2])
                                                      0.111     1.859 r  clk_1Hz/count_reg[8]_i_1/O[2]
                         net (fo=1, routed)           0.000     1.859    clk_1Hz/count_reg[8]_i_1_n_5
    SLICE_X4Y10          FDRE                                         r  clk_1Hz/count_reg[10]/D
  -------------------------------------------------------------------    -------------------

                         (clock sys_clk_pin rise edge)
                                                      0.000     0.000 r  
    W5                                                0.000     0.000 r  clk (IN)
                         net (fo=0)                   0.000     0.000    clk
    W5                   IBUF (Prop_ibuf_I_O)         0.414     0.414 r  clk_IBUF_inst/O
                         net (fo=1, routed)           0.685     1.099    clk_IBUF
    BUFGCTRL_X0Y0        BUFG (Prop_bufg_I_O)         0.029     1.128 r  clk_IBUF_BUFG_inst/O
                         net (fo=28, routed)          0.862     1.989    clk_1Hz/clk_IBUF_BUFG
    SLICE_X4Y10          FDRE                                         r  clk_1Hz/count_reg[10]/C
                         clock pessimism             -0.515     1.474    
    SLICE_X4Y10          FDRE (Hold_fdre_C_D)         0.105     1.579    clk_1Hz/count_reg[10]
  -------------------------------------------------------------------
                         required time                         -1.579    
                         arrival time                           1.859    
  -------------------------------------------------------------------
                         slack                                  0.280    

Slack (MET) :             0.280ns  (arrival time - required time)
  Source:                 clk_1Hz/count_reg[18]/C
                            (rising edge-triggered cell FDRE clocked by sys_clk_pin  {rise@0.000ns fall@5.000ns period=10.000ns})
  Destination:            clk_1Hz/count_reg[18]/D
                            (rising edge-triggered cell FDRE clocked by sys_clk_pin  {rise@0.000ns fall@5.000ns period=10.000ns})
  Path Group:             sys_clk_pin
  Path Type:              Hold (Min at Fast Process Corner)
  Requirement:            0.000ns  (sys_clk_pin rise@0.000ns - sys_clk_pin rise@0.000ns)
  Data Path Delay:        0.385ns  (logic 0.252ns (65.465%)  route 0.133ns (34.535%))
  Logic Levels:           1  (CARRY4=1)
  Clock Path Skew:        0.000ns (DCD - SCD - CPR)
    Destination Clock Delay (DCD):    1.987ns
    Source Clock Delay      (SCD):    1.473ns
    Clock Pessimism Removal (CPR):    0.514ns

    Location             Delay type                Incr(ns)  Path(ns)    Netlist Resource(s)
  -------------------------------------------------------------------    -------------------
                         (clock sys_clk_pin rise edge)
                                                      0.000     0.000 r  
    W5                                                0.000     0.000 r  clk (IN)
                         net (fo=0)                   0.000     0.000    clk
    W5                   IBUF (Prop_ibuf_I_O)         0.226     0.226 r  clk_IBUF_inst/O
                         net (fo=1, routed)           0.631     0.858    clk_IBUF
    BUFGCTRL_X0Y0        BUFG (Prop_bufg_I_O)         0.026     0.884 r  clk_IBUF_BUFG_inst/O
                         net (fo=28, routed)          0.590     1.473    clk_1Hz/clk_IBUF_BUFG
    SLICE_X4Y12          FDRE                                         r  clk_1Hz/count_reg[18]/C
  -------------------------------------------------------------------    -------------------
    SLICE_X4Y12          FDRE (Prop_fdre_C_Q)         0.141     1.614 r  clk_1Hz/count_reg[18]/Q
                         net (fo=2, routed)           0.133     1.747    clk_1Hz/count_reg[18]
    SLICE_X4Y12          CARRY4 (Prop_carry4_S[2]_O[2])
                                                      0.111     1.858 r  clk_1Hz/count_reg[16]_i_1/O[2]
                         net (fo=1, routed)           0.000     1.858    clk_1Hz/count_reg[16]_i_1_n_5
    SLICE_X4Y12          FDRE                                         r  clk_1Hz/count_reg[18]/D
  -------------------------------------------------------------------    -------------------

                         (clock sys_clk_pin rise edge)
                                                      0.000     0.000 r  
    W5                                                0.000     0.000 r  clk (IN)
                         net (fo=0)                   0.000     0.000    clk
    W5                   IBUF (Prop_ibuf_I_O)         0.414     0.414 r  clk_IBUF_inst/O
                         net (fo=1, routed)           0.685     1.099    clk_IBUF
    BUFGCTRL_X0Y0        BUFG (Prop_bufg_I_O)         0.029     1.128 r  clk_IBUF_BUFG_inst/O
                         net (fo=28, routed)          0.860     1.987    clk_1Hz/clk_IBUF_BUFG
    SLICE_X4Y12          FDRE                                         r  clk_1Hz/count_reg[18]/C
                         clock pessimism             -0.514     1.473    
    SLICE_X4Y12          FDRE (Hold_fdre_C_D)         0.105     1.578    clk_1Hz/count_reg[18]
  -------------------------------------------------------------------
                         required time                         -1.578    
                         arrival time                           1.858    
  -------------------------------------------------------------------
                         slack                                  0.280    

Slack (MET) :             0.280ns  (arrival time - required time)
  Source:                 clk_1Hz/count_reg[22]/C
                            (rising edge-triggered cell FDRE clocked by sys_clk_pin  {rise@0.000ns fall@5.000ns period=10.000ns})
  Destination:            clk_1Hz/count_reg[22]/D
                            (rising edge-triggered cell FDRE clocked by sys_clk_pin  {rise@0.000ns fall@5.000ns period=10.000ns})
  Path Group:             sys_clk_pin
  Path Type:              Hold (Min at Fast Process Corner)
  Requirement:            0.000ns  (sys_clk_pin rise@0.000ns - sys_clk_pin rise@0.000ns)
  Data Path Delay:        0.385ns  (logic 0.252ns (65.465%)  route 0.133ns (34.535%))
  Logic Levels:           1  (CARRY4=1)
  Clock Path Skew:        0.000ns (DCD - SCD - CPR)
    Destination Clock Delay (DCD):    1.986ns
    Source Clock Delay      (SCD):    1.472ns
    Clock Pessimism Removal (CPR):    0.514ns

    Location             Delay type                Incr(ns)  Path(ns)    Netlist Resource(s)
  -------------------------------------------------------------------    -------------------
                         (clock sys_clk_pin rise edge)
                                                      0.000     0.000 r  
    W5                                                0.000     0.000 r  clk (IN)
                         net (fo=0)                   0.000     0.000    clk
    W5                   IBUF (Prop_ibuf_I_O)         0.226     0.226 r  clk_IBUF_inst/O
                         net (fo=1, routed)           0.631     0.858    clk_IBUF
    BUFGCTRL_X0Y0        BUFG (Prop_bufg_I_O)         0.026     0.884 r  clk_IBUF_BUFG_inst/O
                         net (fo=28, routed)          0.589     1.472    clk_1Hz/clk_IBUF_BUFG
    SLICE_X4Y13          FDRE                                         r  clk_1Hz/count_reg[22]/C
  -------------------------------------------------------------------    -------------------
    SLICE_X4Y13          FDRE (Prop_fdre_C_Q)         0.141     1.613 r  clk_1Hz/count_reg[22]/Q
                         net (fo=2, routed)           0.133     1.746    clk_1Hz/count_reg[22]
    SLICE_X4Y13          CARRY4 (Prop_carry4_S[2]_O[2])
                                                      0.111     1.857 r  clk_1Hz/count_reg[20]_i_1/O[2]
                         net (fo=1, routed)           0.000     1.857    clk_1Hz/count_reg[20]_i_1_n_5
    SLICE_X4Y13          FDRE                                         r  clk_1Hz/count_reg[22]/D
  -------------------------------------------------------------------    -------------------

                         (clock sys_clk_pin rise edge)
                                                      0.000     0.000 r  
    W5                                                0.000     0.000 r  clk (IN)
                         net (fo=0)                   0.000     0.000    clk
    W5                   IBUF (Prop_ibuf_I_O)         0.414     0.414 r  clk_IBUF_inst/O
                         net (fo=1, routed)           0.685     1.099    clk_IBUF
    BUFGCTRL_X0Y0        BUFG (Prop_bufg_I_O)         0.029     1.128 r  clk_IBUF_BUFG_inst/O
                         net (fo=28, routed)          0.859     1.986    clk_1Hz/clk_IBUF_BUFG
    SLICE_X4Y13          FDRE                                         r  clk_1Hz/count_reg[22]/C
                         clock pessimism             -0.514     1.472    
    SLICE_X4Y13          FDRE (Hold_fdre_C_D)         0.105     1.577    clk_1Hz/count_reg[22]
  -------------------------------------------------------------------
                         required time                         -1.577    
                         arrival time                           1.857    
  -------------------------------------------------------------------
                         slack                                  0.280    

Slack (MET) :             0.281ns  (arrival time - required time)
  Source:                 clk_1Hz/count_reg[14]/C
                            (rising edge-triggered cell FDRE clocked by sys_clk_pin  {rise@0.000ns fall@5.000ns period=10.000ns})
  Destination:            clk_1Hz/count_reg[14]/D
                            (rising edge-triggered cell FDRE clocked by sys_clk_pin  {rise@0.000ns fall@5.000ns period=10.000ns})
  Path Group:             sys_clk_pin
  Path Type:              Hold (Min at Fast Process Corner)
  Requirement:            0.000ns  (sys_clk_pin rise@0.000ns - sys_clk_pin rise@0.000ns)
  Data Path Delay:        0.386ns  (logic 0.252ns (65.354%)  route 0.134ns (34.646%))
  Logic Levels:           1  (CARRY4=1)
  Clock Path Skew:        0.000ns (DCD - SCD - CPR)
    Destination Clock Delay (DCD):    1.989ns
    Source Clock Delay      (SCD):    1.474ns
    Clock Pessimism Removal (CPR):    0.515ns

    Location             Delay type                Incr(ns)  Path(ns)    Netlist Resource(s)
  -------------------------------------------------------------------    -------------------
                         (clock sys_clk_pin rise edge)
                                                      0.000     0.000 r  
    W5                                                0.000     0.000 r  clk (IN)
                         net (fo=0)                   0.000     0.000    clk
    W5                   IBUF (Prop_ibuf_I_O)         0.226     0.226 r  clk_IBUF_inst/O
                         net (fo=1, routed)           0.631     0.858    clk_IBUF
    BUFGCTRL_X0Y0        BUFG (Prop_bufg_I_O)         0.026     0.884 r  clk_IBUF_BUFG_inst/O
                         net (fo=28, routed)          0.591     1.474    clk_1Hz/clk_IBUF_BUFG
    SLICE_X4Y11          FDRE                                         r  clk_1Hz/count_reg[14]/C
  -------------------------------------------------------------------    -------------------
    SLICE_X4Y11          FDRE (Prop_fdre_C_Q)         0.141     1.615 r  clk_1Hz/count_reg[14]/Q
                         net (fo=2, routed)           0.134     1.749    clk_1Hz/count_reg[14]
    SLICE_X4Y11          CARRY4 (Prop_carry4_S[2]_O[2])
                                                      0.111     1.860 r  clk_1Hz/count_reg[12]_i_1/O[2]
                         net (fo=1, routed)           0.000     1.860    clk_1Hz/count_reg[12]_i_1_n_5
    SLICE_X4Y11          FDRE                                         r  clk_1Hz/count_reg[14]/D
  -------------------------------------------------------------------    -------------------

                         (clock sys_clk_pin rise edge)
                                                      0.000     0.000 r  
    W5                                                0.000     0.000 r  clk (IN)
                         net (fo=0)                   0.000     0.000    clk
    W5                   IBUF (Prop_ibuf_I_O)         0.414     0.414 r  clk_IBUF_inst/O
                         net (fo=1, routed)           0.685     1.099    clk_IBUF
    BUFGCTRL_X0Y0        BUFG (Prop_bufg_I_O)         0.029     1.128 r  clk_IBUF_BUFG_inst/O
                         net (fo=28, routed)          0.862     1.989    clk_1Hz/clk_IBUF_BUFG
    SLICE_X4Y11          FDRE                                         r  clk_1Hz/count_reg[14]/C
                         clock pessimism             -0.515     1.474    
    SLICE_X4Y11          FDRE (Hold_fdre_C_D)         0.105     1.579    clk_1Hz/count_reg[14]
  -------------------------------------------------------------------
                         required time                         -1.579    
                         arrival time                           1.860    
  -------------------------------------------------------------------
                         slack                                  0.281    

Slack (MET) :             0.281ns  (arrival time - required time)
  Source:                 clk_1Hz/count_reg[26]/C
                            (rising edge-triggered cell FDRE clocked by sys_clk_pin  {rise@0.000ns fall@5.000ns period=10.000ns})
  Destination:            clk_1Hz/count_reg[26]/D
                            (rising edge-triggered cell FDRE clocked by sys_clk_pin  {rise@0.000ns fall@5.000ns period=10.000ns})
  Path Group:             sys_clk_pin
  Path Type:              Hold (Min at Fast Process Corner)
  Requirement:            0.000ns  (sys_clk_pin rise@0.000ns - sys_clk_pin rise@0.000ns)
  Data Path Delay:        0.386ns  (logic 0.252ns (65.354%)  route 0.134ns (34.646%))
  Logic Levels:           1  (CARRY4=1)
  Clock Path Skew:        0.000ns (DCD - SCD - CPR)
    Destination Clock Delay (DCD):    1.986ns
    Source Clock Delay      (SCD):    1.472ns
    Clock Pessimism Removal (CPR):    0.514ns

    Location             Delay type                Incr(ns)  Path(ns)    Netlist Resource(s)
  -------------------------------------------------------------------    -------------------
                         (clock sys_clk_pin rise edge)
                                                      0.000     0.000 r  
    W5                                                0.000     0.000 r  clk (IN)
                         net (fo=0)                   0.000     0.000    clk
    W5                   IBUF (Prop_ibuf_I_O)         0.226     0.226 r  clk_IBUF_inst/O
                         net (fo=1, routed)           0.631     0.858    clk_IBUF
    BUFGCTRL_X0Y0        BUFG (Prop_bufg_I_O)         0.026     0.884 r  clk_IBUF_BUFG_inst/O
                         net (fo=28, routed)          0.589     1.472    clk_1Hz/clk_IBUF_BUFG
    SLICE_X4Y14          FDRE                                         r  clk_1Hz/count_reg[26]/C
  -------------------------------------------------------------------    -------------------
    SLICE_X4Y14          FDRE (Prop_fdre_C_Q)         0.141     1.613 r  clk_1Hz/count_reg[26]/Q
                         net (fo=2, routed)           0.134     1.747    clk_1Hz/count_reg[26]
    SLICE_X4Y14          CARRY4 (Prop_carry4_S[2]_O[2])
                                                      0.111     1.858 r  clk_1Hz/count_reg[24]_i_1/O[2]
                         net (fo=1, routed)           0.000     1.858    clk_1Hz/count_reg[24]_i_1_n_5
    SLICE_X4Y14          FDRE                                         r  clk_1Hz/count_reg[26]/D
  -------------------------------------------------------------------    -------------------

                         (clock sys_clk_pin rise edge)
                                                      0.000     0.000 r  
    W5                                                0.000     0.000 r  clk (IN)
                         net (fo=0)                   0.000     0.000    clk
    W5                   IBUF (Prop_ibuf_I_O)         0.414     0.414 r  clk_IBUF_inst/O
                         net (fo=1, routed)           0.685     1.099    clk_IBUF
    BUFGCTRL_X0Y0        BUFG (Prop_bufg_I_O)         0.029     1.128 r  clk_IBUF_BUFG_inst/O
                         net (fo=28, routed)          0.859     1.986    clk_1Hz/clk_IBUF_BUFG
    SLICE_X4Y14          FDRE                                         r  clk_1Hz/count_reg[26]/C
                         clock pessimism             -0.514     1.472    
    SLICE_X4Y14          FDRE (Hold_fdre_C_D)         0.105     1.577    clk_1Hz/count_reg[26]
  -------------------------------------------------------------------
                         required time                         -1.577    
                         arrival time                           1.858    
  -------------------------------------------------------------------
                         slack                                  0.281    

Slack (MET) :             0.313ns  (arrival time - required time)
  Source:                 clk_1Hz/count_reg[2]/C
                            (rising edge-triggered cell FDRE clocked by sys_clk_pin  {rise@0.000ns fall@5.000ns period=10.000ns})
  Destination:            clk_1Hz/count_reg[3]/D
                            (rising edge-triggered cell FDRE clocked by sys_clk_pin  {rise@0.000ns fall@5.000ns period=10.000ns})
  Path Group:             sys_clk_pin
  Path Type:              Hold (Min at Fast Process Corner)
  Requirement:            0.000ns  (sys_clk_pin rise@0.000ns - sys_clk_pin rise@0.000ns)
  Data Path Delay:        0.418ns  (logic 0.285ns (68.253%)  route 0.133ns (31.747%))
  Logic Levels:           1  (CARRY4=1)
  Clock Path Skew:        0.000ns (DCD - SCD - CPR)
    Destination Clock Delay (DCD):    1.990ns
    Source Clock Delay      (SCD):    1.475ns
    Clock Pessimism Removal (CPR):    0.515ns

    Location             Delay type                Incr(ns)  Path(ns)    Netlist Resource(s)
  -------------------------------------------------------------------    -------------------
                         (clock sys_clk_pin rise edge)
                                                      0.000     0.000 r  
    W5                                                0.000     0.000 r  clk (IN)
                         net (fo=0)                   0.000     0.000    clk
    W5                   IBUF (Prop_ibuf_I_O)         0.226     0.226 r  clk_IBUF_inst/O
                         net (fo=1, routed)           0.631     0.858    clk_IBUF
    BUFGCTRL_X0Y0        BUFG (Prop_bufg_I_O)         0.026     0.884 r  clk_IBUF_BUFG_inst/O
                         net (fo=28, routed)          0.592     1.475    clk_1Hz/clk_IBUF_BUFG
    SLICE_X4Y8           FDRE                                         r  clk_1Hz/count_reg[2]/C
  -------------------------------------------------------------------    -------------------
    SLICE_X4Y8           FDRE (Prop_fdre_C_Q)         0.141     1.616 r  clk_1Hz/count_reg[2]/Q
                         net (fo=2, routed)           0.133     1.749    clk_1Hz/count_reg[2]
    SLICE_X4Y8           CARRY4 (Prop_carry4_S[2]_O[3])
                                                      0.144     1.893 r  clk_1Hz/count_reg[0]_i_2/O[3]
                         net (fo=1, routed)           0.000     1.893    clk_1Hz/count_reg[0]_i_2_n_4
    SLICE_X4Y8           FDRE                                         r  clk_1Hz/count_reg[3]/D
  -------------------------------------------------------------------    -------------------

                         (clock sys_clk_pin rise edge)
                                                      0.000     0.000 r  
    W5                                                0.000     0.000 r  clk (IN)
                         net (fo=0)                   0.000     0.000    clk
    W5                   IBUF (Prop_ibuf_I_O)         0.414     0.414 r  clk_IBUF_inst/O
                         net (fo=1, routed)           0.685     1.099    clk_IBUF
    BUFGCTRL_X0Y0        BUFG (Prop_bufg_I_O)         0.029     1.128 r  clk_IBUF_BUFG_inst/O
                         net (fo=28, routed)          0.863     1.990    clk_1Hz/clk_IBUF_BUFG
    SLICE_X4Y8           FDRE                                         r  clk_1Hz/count_reg[3]/C
                         clock pessimism             -0.515     1.475    
    SLICE_X4Y8           FDRE (Hold_fdre_C_D)         0.105     1.580    clk_1Hz/count_reg[3]
  -------------------------------------------------------------------
                         required time                         -1.580    
                         arrival time                           1.893    
  -------------------------------------------------------------------
                         slack                                  0.313    

Slack (MET) :             0.313ns  (arrival time - required time)
  Source:                 clk_1Hz/count_reg[6]/C
                            (rising edge-triggered cell FDRE clocked by sys_clk_pin  {rise@0.000ns fall@5.000ns period=10.000ns})
  Destination:            clk_1Hz/count_reg[7]/D
                            (rising edge-triggered cell FDRE clocked by sys_clk_pin  {rise@0.000ns fall@5.000ns period=10.000ns})
  Path Group:             sys_clk_pin
  Path Type:              Hold (Min at Fast Process Corner)
  Requirement:            0.000ns  (sys_clk_pin rise@0.000ns - sys_clk_pin rise@0.000ns)
  Data Path Delay:        0.418ns  (logic 0.285ns (68.253%)  route 0.133ns (31.747%))
  Logic Levels:           1  (CARRY4=1)
  Clock Path Skew:        0.000ns (DCD - SCD - CPR)
    Destination Clock Delay (DCD):    1.990ns
    Source Clock Delay      (SCD):    1.475ns
    Clock Pessimism Removal (CPR):    0.515ns

    Location             Delay type                Incr(ns)  Path(ns)    Netlist Resource(s)
  -------------------------------------------------------------------    -------------------
                         (clock sys_clk_pin rise edge)
                                                      0.000     0.000 r  
    W5                                                0.000     0.000 r  clk (IN)
                         net (fo=0)                   0.000     0.000    clk
    W5                   IBUF (Prop_ibuf_I_O)         0.226     0.226 r  clk_IBUF_inst/O
                         net (fo=1, routed)           0.631     0.858    clk_IBUF
    BUFGCTRL_X0Y0        BUFG (Prop_bufg_I_O)         0.026     0.884 r  clk_IBUF_BUFG_inst/O
                         net (fo=28, routed)          0.592     1.475    clk_1Hz/clk_IBUF_BUFG
    SLICE_X4Y9           FDRE                                         r  clk_1Hz/count_reg[6]/C
  -------------------------------------------------------------------    -------------------
    SLICE_X4Y9           FDRE (Prop_fdre_C_Q)         0.141     1.616 r  clk_1Hz/count_reg[6]/Q
                         net (fo=2, routed)           0.133     1.749    clk_1Hz/count_reg[6]
    SLICE_X4Y9           CARRY4 (Prop_carry4_S[2]_O[3])
                                                      0.144     1.893 r  clk_1Hz/count_reg[4]_i_1/O[3]
                         net (fo=1, routed)           0.000     1.893    clk_1Hz/count_reg[4]_i_1_n_4
    SLICE_X4Y9           FDRE                                         r  clk_1Hz/count_reg[7]/D
  -------------------------------------------------------------------    -------------------

                         (clock sys_clk_pin rise edge)
                                                      0.000     0.000 r  
    W5                                                0.000     0.000 r  clk (IN)
                         net (fo=0)                   0.000     0.000    clk
    W5                   IBUF (Prop_ibuf_I_O)         0.414     0.414 r  clk_IBUF_inst/O
                         net (fo=1, routed)           0.685     1.099    clk_IBUF
    BUFGCTRL_X0Y0        BUFG (Prop_bufg_I_O)         0.029     1.128 r  clk_IBUF_BUFG_inst/O
                         net (fo=28, routed)          0.863     1.990    clk_1Hz/clk_IBUF_BUFG
    SLICE_X4Y9           FDRE                                         r  clk_1Hz/count_reg[7]/C
                         clock pessimism             -0.515     1.475    
    SLICE_X4Y9           FDRE (Hold_fdre_C_D)         0.105     1.580    clk_1Hz/count_reg[7]
  -------------------------------------------------------------------
                         required time                         -1.580    
                         arrival time                           1.893    
  -------------------------------------------------------------------
                         slack                                  0.313    

Slack (MET) :             0.313ns  (arrival time - required time)
  Source:                 clk_1Hz/count_reg[10]/C
                            (rising edge-triggered cell FDRE clocked by sys_clk_pin  {rise@0.000ns fall@5.000ns period=10.000ns})
  Destination:            clk_1Hz/count_reg[11]/D
                            (rising edge-triggered cell FDRE clocked by sys_clk_pin  {rise@0.000ns fall@5.000ns period=10.000ns})
  Path Group:             sys_clk_pin
  Path Type:              Hold (Min at Fast Process Corner)
  Requirement:            0.000ns  (sys_clk_pin rise@0.000ns - sys_clk_pin rise@0.000ns)
  Data Path Delay:        0.418ns  (logic 0.285ns (68.192%)  route 0.133ns (31.808%))
  Logic Levels:           1  (CARRY4=1)
  Clock Path Skew:        0.000ns (DCD - SCD - CPR)
    Destination Clock Delay (DCD):    1.989ns
    Source Clock Delay      (SCD):    1.474ns
    Clock Pessimism Removal (CPR):    0.515ns

    Location             Delay type                Incr(ns)  Path(ns)    Netlist Resource(s)
  -------------------------------------------------------------------    -------------------
                         (clock sys_clk_pin rise edge)
                                                      0.000     0.000 r  
    W5                                                0.000     0.000 r  clk (IN)
                         net (fo=0)                   0.000     0.000    clk
    W5                   IBUF (Prop_ibuf_I_O)         0.226     0.226 r  clk_IBUF_inst/O
                         net (fo=1, routed)           0.631     0.858    clk_IBUF
    BUFGCTRL_X0Y0        BUFG (Prop_bufg_I_O)         0.026     0.884 r  clk_IBUF_BUFG_inst/O
                         net (fo=28, routed)          0.591     1.474    clk_1Hz/clk_IBUF_BUFG
    SLICE_X4Y10          FDRE                                         r  clk_1Hz/count_reg[10]/C
  -------------------------------------------------------------------    -------------------
    SLICE_X4Y10          FDRE (Prop_fdre_C_Q)         0.141     1.615 r  clk_1Hz/count_reg[10]/Q
                         net (fo=2, routed)           0.133     1.748    clk_1Hz/count_reg[10]
    SLICE_X4Y10          CARRY4 (Prop_carry4_S[2]_O[3])
                                                      0.144     1.892 r  clk_1Hz/count_reg[8]_i_1/O[3]
                         net (fo=1, routed)           0.000     1.892    clk_1Hz/count_reg[8]_i_1_n_4
    SLICE_X4Y10          FDRE                                         r  clk_1Hz/count_reg[11]/D
  -------------------------------------------------------------------    -------------------

                         (clock sys_clk_pin rise edge)
                                                      0.000     0.000 r  
    W5                                                0.000     0.000 r  clk (IN)
                         net (fo=0)                   0.000     0.000    clk
    W5                   IBUF (Prop_ibuf_I_O)         0.414     0.414 r  clk_IBUF_inst/O
                         net (fo=1, routed)           0.685     1.099    clk_IBUF
    BUFGCTRL_X0Y0        BUFG (Prop_bufg_I_O)         0.029     1.128 r  clk_IBUF_BUFG_inst/O
                         net (fo=28, routed)          0.862     1.989    clk_1Hz/clk_IBUF_BUFG
    SLICE_X4Y10          FDRE                                         r  clk_1Hz/count_reg[11]/C
                         clock pessimism             -0.515     1.474    
    SLICE_X4Y10          FDRE (Hold_fdre_C_D)         0.105     1.579    clk_1Hz/count_reg[11]
  -------------------------------------------------------------------
                         required time                         -1.579    
                         arrival time                           1.892    
  -------------------------------------------------------------------
                         slack                                  0.313    





Pulse Width Checks
--------------------------------------------------------------------------------------
Clock Name:         sys_clk_pin
Waveform(ns):       { 0.000 5.000 }
Period(ns):         10.000
Sources:            { clk }

Check Type        Corner  Lib Pin  Reference Pin  Required(ns)  Actual(ns)  Slack(ns)  Location       Pin
Min Period        n/a     BUFG/I   n/a            2.155         10.000      7.845      BUFGCTRL_X0Y0  clk_IBUF_BUFG_inst/I
Min Period        n/a     FDRE/C   n/a            1.000         10.000      9.000      SLICE_X1Y10    clk_1Hz/clk_aux_reg/C
Min Period        n/a     FDRE/C   n/a            1.000         10.000      9.000      SLICE_X4Y8     clk_1Hz/count_reg[0]/C
Min Period        n/a     FDRE/C   n/a            1.000         10.000      9.000      SLICE_X4Y10    clk_1Hz/count_reg[10]/C
Min Period        n/a     FDRE/C   n/a            1.000         10.000      9.000      SLICE_X4Y10    clk_1Hz/count_reg[11]/C
Min Period        n/a     FDRE/C   n/a            1.000         10.000      9.000      SLICE_X4Y11    clk_1Hz/count_reg[12]/C
Min Period        n/a     FDRE/C   n/a            1.000         10.000      9.000      SLICE_X4Y11    clk_1Hz/count_reg[13]/C
Min Period        n/a     FDRE/C   n/a            1.000         10.000      9.000      SLICE_X4Y11    clk_1Hz/count_reg[14]/C
Min Period        n/a     FDRE/C   n/a            1.000         10.000      9.000      SLICE_X4Y11    clk_1Hz/count_reg[15]/C
Min Period        n/a     FDRE/C   n/a            1.000         10.000      9.000      SLICE_X4Y12    clk_1Hz/count_reg[16]/C
Low Pulse Width   Fast    FDRE/C   n/a            0.500         5.000       4.500      SLICE_X1Y10    clk_1Hz/clk_aux_reg/C
Low Pulse Width   Fast    FDRE/C   n/a            0.500         5.000       4.500      SLICE_X4Y8     clk_1Hz/count_reg[0]/C
Low Pulse Width   Fast    FDRE/C   n/a            0.500         5.000       4.500      SLICE_X4Y10    clk_1Hz/count_reg[10]/C
Low Pulse Width   Fast    FDRE/C   n/a            0.500         5.000       4.500      SLICE_X4Y10    clk_1Hz/count_reg[11]/C
Low Pulse Width   Fast    FDRE/C   n/a            0.500         5.000       4.500      SLICE_X4Y11    clk_1Hz/count_reg[12]/C
Low Pulse Width   Fast    FDRE/C   n/a            0.500         5.000       4.500      SLICE_X4Y11    clk_1Hz/count_reg[13]/C
Low Pulse Width   Fast    FDRE/C   n/a            0.500         5.000       4.500      SLICE_X4Y11    clk_1Hz/count_reg[14]/C
Low Pulse Width   Fast    FDRE/C   n/a            0.500         5.000       4.500      SLICE_X4Y11    clk_1Hz/count_reg[15]/C
Low Pulse Width   Fast    FDRE/C   n/a            0.500         5.000       4.500      SLICE_X4Y12    clk_1Hz/count_reg[16]/C
Low Pulse Width   Fast    FDRE/C   n/a            0.500         5.000       4.500      SLICE_X4Y12    clk_1Hz/count_reg[17]/C
High Pulse Width  Slow    FDRE/C   n/a            0.500         5.000       4.500      SLICE_X4Y13    clk_1Hz/count_reg[20]/C
High Pulse Width  Slow    FDRE/C   n/a            0.500         5.000       4.500      SLICE_X4Y13    clk_1Hz/count_reg[21]/C
High Pulse Width  Slow    FDRE/C   n/a            0.500         5.000       4.500      SLICE_X4Y13    clk_1Hz/count_reg[22]/C
High Pulse Width  Slow    FDRE/C   n/a            0.500         5.000       4.500      SLICE_X4Y13    clk_1Hz/count_reg[23]/C
High Pulse Width  Slow    FDRE/C   n/a            0.500         5.000       4.500      SLICE_X4Y14    clk_1Hz/count_reg[24]/C
High Pulse Width  Slow    FDRE/C   n/a            0.500         5.000       4.500      SLICE_X4Y14    clk_1Hz/count_reg[25]/C
High Pulse Width  Slow    FDRE/C   n/a            0.500         5.000       4.500      SLICE_X4Y14    clk_1Hz/count_reg[26]/C
High Pulse Width  Slow    FDRE/C   n/a            0.500         5.000       4.500      SLICE_X4Y8     clk_1Hz/count_reg[0]/C
High Pulse Width  Slow    FDRE/C   n/a            0.500         5.000       4.500      SLICE_X4Y10    clk_1Hz/count_reg[10]/C
High Pulse Width  Fast    FDRE/C   n/a            0.500         5.000       4.500      SLICE_X4Y10    clk_1Hz/count_reg[10]/C



