Copyright 1986-2017 Xilinx, Inc. All Rights Reserved.
-------------------------------------------------------------------------------------------
| Tool Version : Vivado v.2017.2 (lin64) Build 1909853 Thu Jun 15 18:39:10 MDT 2017
| Date         : Tue Sep  5 15:15:36 2017
| Host         : machado running 64-bit Linux Mint 17.3 Rosa
| Command      : report_control_sets -verbose -file shift_reg_PIPO_control_sets_placed.rpt
| Design       : shift_reg_PIPO
| Device       : xc7a35t
-------------------------------------------------------------------------------------------

Control Set Information

Table of Contents
-----------------
1. Summary
2. Flip-Flop Distribution
3. Detailed Control Set Information

1. Summary
----------

+----------------------------------------------------------+-------+
|                          Status                          | Count |
+----------------------------------------------------------+-------+
| Number of unique control sets                            |    26 |
| Unused register locations in slices containing registers |   180 |
+----------------------------------------------------------+-------+


2. Flip-Flop Distribution
-------------------------

+--------------+-----------------------+------------------------+-----------------+--------------+
| Clock Enable | Synchronous Set/Reset | Asynchronous Set/Reset | Total Registers | Total Slices |
+--------------+-----------------------+------------------------+-----------------+--------------+
| No           | No                    | No                     |               1 |            1 |
| No           | No                    | Yes                    |              16 |           16 |
| No           | Yes                   | No                     |              35 |           15 |
| Yes          | No                    | No                     |               0 |            0 |
| Yes          | No                    | Yes                    |               0 |            0 |
| Yes          | Yes                   | No                     |               0 |            0 |
+--------------+-----------------------+------------------------+-----------------+--------------+


3. Detailed Control Set Information
-----------------------------------

+-------------------------+---------------+--------------------------+------------------+----------------+
|       Clock Signal      | Enable Signal |     Set/Reset Signal     | Slice Load Count | Bel Load Count |
+-------------------------+---------------+--------------------------+------------------+----------------+
|  clk_1Hz/clk_aux        |               | led_reg[6]_LDC_i_2_n_0   |                1 |              1 |
|  led_reg[6]_LDC_i_1_n_0 |               | led_reg[6]_LDC_i_2_n_0   |                1 |              1 |
|  led_reg[5]_LDC_i_1_n_0 |               | led_reg[5]_LDC_i_2_n_0   |                1 |              1 |
|  led_reg[4]_LDC_i_1_n_0 |               | led_reg[4]_LDC_i_2_n_0   |                1 |              1 |
|  led_reg[3]_LDC_i_1_n_0 |               | led_reg[3]_LDC_i_2_n_0   |                1 |              1 |
|  clk_1Hz/clk_aux        |               | led_reg[7]_LDC_i_2_n_0   |                1 |              1 |
|  clk_1Hz/clk_aux        |               | led_reg[6]_LDC_i_1_n_0   |                1 |              1 |
|  clk_1Hz/clk_aux        |               | led_reg[5]_LDC_i_1_n_0   |                1 |              1 |
|  clk_1Hz/clk_aux        |               | led_reg[4]_LDC_i_1_n_0   |                1 |              1 |
|  clk_1Hz/clk_aux        |               | led_reg[3]_LDC_i_1_n_0   |                1 |              1 |
|  clk_1Hz/clk_aux        |               | led_reg[0]_LDC_i_2_n_0   |                1 |              1 |
|  clk_1Hz/clk_aux        |               | led_reg[0]_LDC_i_1_n_0   |                1 |              1 |
|  clk_1Hz/clk_aux        |               | led_reg[7]_LDC_i_1_n_0   |                1 |              1 |
|  clk_IBUF_BUFG          |               |                          |                1 |              1 |
|  clk_1Hz/clk_aux        |               | led_reg[5]_LDC_i_2_n_0   |                1 |              1 |
|  clk_1Hz/clk_aux        |               | led_reg[4]_LDC_i_2_n_0   |                1 |              1 |
|  clk_1Hz/clk_aux        |               | led_reg[3]_LDC_i_2_n_0   |                1 |              1 |
|  clk_1Hz/clk_aux        |               | led_reg[2]_LDC_i_2_n_0   |                1 |              1 |
|  clk_1Hz/clk_aux        |               | led_reg[2]_LDC_i_1_n_0   |                1 |              1 |
|  clk_1Hz/clk_aux        |               | led_reg[1]_LDC_i_1_n_0   |                1 |              1 |
|  clk_1Hz/clk_aux        |               | led_reg[1]_LDC_i_2_n_0   |                1 |              1 |
|  led_reg[0]_LDC_i_1_n_0 |               | led_reg[0]_LDC_i_2_n_0   |                1 |              1 |
|  led_reg[7]_LDC_i_1_n_0 |               | led_reg[7]_LDC_i_2_n_0   |                1 |              1 |
|  led_reg[2]_LDC_i_1_n_0 |               | led_reg[2]_LDC_i_2_n_0   |                1 |              1 |
|  led_reg[1]_LDC_i_1_n_0 |               | led_reg[1]_LDC_i_2_n_0   |                1 |              1 |
|  clk_IBUF_BUFG          |               | clk_1Hz/count[0]_i_1_n_0 |                7 |             27 |
+-------------------------+---------------+--------------------------+------------------+----------------+


+--------+-----------------------+
| Fanout | Number of ControlSets |
+--------+-----------------------+
| 1      |                    25 |
| 16+    |                     1 |
+--------+-----------------------+


